<?xml version="1.0" encoding="UTF-8"?>
<!-- Generated by org.testng.reporters.JUnitReportReporter -->
<testsuite skipped="0" hostname="DESKTOP-481QPR1" name="tests.LoginTest" tests="4" failures="0" timestamp="2021-06-19T18:46:12 EDT" time="136.275" errors="0">
  <testcase name="LoginwithInvalidEmailTest" time="45.106" classname="tests.LoginTest"/>
  <system-out/>
  <testcase name="LoginwithEmptypasswordTest" time="31.497" classname="tests.LoginTest"/>
  <system-out/>
  <testcase name="LoginwithEmptyEmailTest" time="29.361" classname="tests.LoginTest"/>
  <system-out/>
  <testcase name="LoginTestWithWrongEMailPAssword" time="30.311" classname="tests.LoginTest"/>
  <system-out/>
</testsuite> <!-- tests.LoginTest -->
